TN:
SF:src/controllers/gameController.js
FN:4,(anonymous_0)
FN:17,(anonymous_1)
FN:25,(anonymous_2)
FN:35,(anonymous_3)
FN:48,(anonymous_4)
FN:63,(anonymous_5)
FN:71,(anonymous_6)
FNF:7
FNH:6
FNDA:6,(anonymous_0)
FNDA:3,(anonymous_1)
FNDA:1,(anonymous_2)
FNDA:3,(anonymous_3)
FNDA:1,(anonymous_4)
FNDA:0,(anonymous_5)
FNDA:1,(anonymous_6)
DA:1,1
DA:5,6
DA:6,6
DA:9,6
DA:10,6
DA:12,5
DA:14,1
DA:15,1
DA:17,3
DA:20,0
DA:21,0
DA:26,1
DA:27,1
DA:28,1
DA:30,0
DA:31,0
DA:36,3
DA:37,3
DA:38,3
DA:39,2
DA:41,1
DA:43,0
DA:44,0
DA:49,1
DA:50,1
DA:55,1
DA:56,0
DA:58,1
DA:60,0
DA:61,0
DA:63,0
DA:66,0
DA:67,0
DA:72,1
DA:73,1
DA:74,1
DA:75,0
DA:77,1
DA:79,0
DA:80,0
DA:85,1
LF:41
LH:26
BRDA:14,0,0,1
BRDA:14,0,1,0
BRDA:38,1,0,2
BRDA:38,1,1,1
BRDA:55,2,0,0
BRDA:55,2,1,1
BRDA:60,3,0,0
BRDA:60,3,1,0
BRDA:74,4,0,0
BRDA:74,4,1,1
BRF:10
BRH:5
end_of_record
TN:
SF:src/controllers/index.js
FN:2,(anonymous_0)
FN:6,(anonymous_1)
FNF:2
FNH:0
FNDA:0,(anonymous_0)
FNDA:0,(anonymous_1)
DA:3,0
DA:8,0
DA:14,1
LF:3
LH:1
BRF:0
BRH:0
end_of_record
TN:
SF:src/models/Game.js
FNF:0
FNH:0
DA:1,1
DA:3,1
DA:30,1
LF:3
LH:3
BRF:0
BRH:0
end_of_record
TN:
SF:src/routes/index.js
FN:9,(anonymous_0)
FN:10,(anonymous_1)
FN:13,(anonymous_2)
FN:14,(anonymous_3)
FN:15,(anonymous_4)
FN:16,(anonymous_5)
FN:17,(anonymous_6)
FN:20,(anonymous_7)
FN:24,(anonymous_8)
FN:28,(anonymous_9)
FNF:10
FNH:6
FNDA:0,(anonymous_0)
FNDA:0,(anonymous_1)
FNDA:6,(anonymous_2)
FNDA:1,(anonymous_3)
FNDA:3,(anonymous_4)
FNDA:1,(anonymous_5)
FNDA:1,(anonymous_6)
FNDA:0,(anonymous_7)
FNDA:0,(anonymous_8)
FNDA:1,(anonymous_9)
DA:1,1
DA:2,1
DA:3,1
DA:4,1
DA:6,1
DA:7,1
DA:9,1
DA:10,1
DA:13,6
DA:14,1
DA:15,3
DA:16,1
DA:17,1
DA:20,1
DA:24,1
DA:28,1
DA:29,1
DA:32,1
LF:18
LH:18
BRF:0
BRH:0
end_of_record
TN:
SF:src/tests/testDb.js
FN:6,(anonymous_0)
FN:18,(anonymous_1)
FN:25,(anonymous_2)
FNF:3
FNH:3
FNDA:1,(anonymous_0)
FNDA:1,(anonymous_1)
FNDA:7,(anonymous_2)
DA:1,1
DA:2,1
DA:6,1
DA:7,1
DA:8,1
DA:11,1
DA:12,1
DA:15,1
DA:18,1
DA:19,1
DA:20,1
DA:21,1
DA:25,1
DA:26,7
DA:27,7
DA:28,7
DA:29,7
DA:33,1
LF:18
LH:18
BRDA:11,0,0,1
BRDA:11,0,1,0
BRDA:20,1,0,1
BRDA:20,1,1,0
BRF:4
BRH:2
end_of_record
